2019-10-08 12:32:33.088  INFO 1480 --- [restartedMain] l.m.community.CommunityApplication       : Starting CommunityApplication on SC-201903060257 with PID 1480 (D:\shares\webs\community-master\target\classes started by Administrator in D:\shares\community)
2019-10-08 12:32:33.088  INFO 1480 --- [restartedMain] l.m.community.CommunityApplication       : No active profile set, falling back to default profiles: default
2019-10-08 12:32:33.135  INFO 1480 --- [restartedMain] .e.DevToolsPropertyDefaultsPostProcessor : Devtools property defaults active! Set 'spring.devtools.add-properties' to 'false' to disable
2019-10-08 12:32:33.141  INFO 1480 --- [restartedMain] .e.DevToolsPropertyDefaultsPostProcessor : For additional web related logging consider setting the 'logging.level.web' property to 'DEBUG'
2019-10-08 12:32:34.226  INFO 1480 --- [restartedMain] o.s.b.w.embedded.tomcat.TomcatWebServer  : Tomcat initialized with port(s): 8887 (http)
2019-10-08 12:32:34.247  INFO 1480 --- [restartedMain] o.apache.catalina.core.StandardService   : Starting service [Tomcat]
2019-10-08 12:32:34.247  INFO 1480 --- [restartedMain] org.apache.catalina.core.StandardEngine  : Starting Servlet engine: [Apache Tomcat/9.0.17]
2019-10-08 12:32:34.252  INFO 1480 --- [restartedMain] o.a.catalina.core.AprLifecycleListener   : Loaded APR based Apache Tomcat Native library [1.2.23] using APR version [1.7.0].
2019-10-08 12:32:34.252  INFO 1480 --- [restartedMain] o.a.catalina.core.AprLifecycleListener   : APR capabilities: IPv6 [true], sendfile [true], accept filters [false], random [true].
2019-10-08 12:32:34.253  INFO 1480 --- [restartedMain] o.a.catalina.core.AprLifecycleListener   : APR/OpenSSL configuration: useAprConnector [false], useOpenSSL [true]
2019-10-08 12:32:34.255  INFO 1480 --- [restartedMain] o.a.catalina.core.AprLifecycleListener   : OpenSSL successfully initialized [OpenSSL 1.1.1c  28 May 2019]
2019-10-08 12:32:34.330  INFO 1480 --- [restartedMain] o.a.c.c.C.[Tomcat].[localhost].[/]       : Initializing Spring embedded WebApplicationContext
2019-10-08 12:32:34.330  INFO 1480 --- [restartedMain] o.s.web.context.ContextLoader            : Root WebApplicationContext: initialization completed in 1189 ms
2019-10-08 12:32:34.845  INFO 1480 --- [restartedMain] o.s.s.concurrent.ThreadPoolTaskExecutor  : Initializing ExecutorService 'applicationTaskExecutor'
2019-10-08 12:32:34.939  INFO 1480 --- [restartedMain] o.s.b.a.w.s.WelcomePageHandlerMapping    : Adding welcome page template: index
2019-10-08 12:32:35.001  INFO 1480 --- [restartedMain] o.s.s.c.ThreadPoolTaskScheduler          : Initializing ExecutorService 'taskScheduler'
2019-10-08 12:32:35.190  INFO 1480 --- [restartedMain] o.s.b.d.a.OptionalLiveReloadServer       : LiveReload server is running on port 35729
2019-10-08 12:32:35.211  INFO 1480 --- [scheduling-1] l.m.community.schedule.HotTagTasks       : hotTagSchedule start Tue Oct 08 12:32:35 CST 2019
2019-10-08 12:32:35.228  INFO 1480 --- [restartedMain] o.s.b.w.embedded.tomcat.TomcatWebServer  : Tomcat started on port(s): 8887 (http) with context path ''
2019-10-08 12:32:35.231  INFO 1480 --- [restartedMain] l.m.community.CommunityApplication       : Started CommunityApplication in 2.44 seconds (JVM running for 3.917)
2019-10-08 12:32:35.235  INFO 1480 --- [scheduling-1] com.zaxxer.hikari.HikariDataSource       : HikariPool-1 - Starting...
2019-10-08 12:32:35.314  INFO 1480 --- [scheduling-1] com.zaxxer.hikari.HikariDataSource       : HikariPool-1 - Start completed.
2019-10-08 12:32:35.350 ERROR 1480 --- [scheduling-1] o.s.s.s.TaskUtils$LoggingErrorHandler    : Unexpected error occurred in scheduled task.

org.springframework.jdbc.BadSqlGrammarException: 
### Error querying database.  Cause: org.h2.jdbc.JdbcSQLSyntaxErrorException: Table "QUESTION" not found; SQL statement:
select
     
     
    
    ID, TITLE, GMT_CREATE, GMT_MODIFIED, CREATOR, COMMENT_COUNT, VIEW_COUNT, LIKE_COUNT, 
    TAG
   
    from QUESTION [42102-199]
### The error may exist in file [D:\shares\webs\community-master\target\classes\mapper\QuestionMapper.xml]
### The error may involve life.majiang.community.mapper.QuestionMapper.selectByExampleWithRowbounds
### The error occurred while executing a query
### SQL: select                      ID, TITLE, GMT_CREATE, GMT_MODIFIED, CREATOR, COMMENT_COUNT, VIEW_COUNT, LIKE_COUNT,      TAG         from QUESTION
### Cause: org.h2.jdbc.JdbcSQLSyntaxErrorException: Table "QUESTION" not found; SQL statement:
select
     
     
    
    ID, TITLE, GMT_CREATE, GMT_MODIFIED, CREATOR, COMMENT_COUNT, VIEW_COUNT, LIKE_COUNT, 
    TAG
   
    from QUESTION [42102-199]
; bad SQL grammar []; nested exception is org.h2.jdbc.JdbcSQLSyntaxErrorException: Table "QUESTION" not found; SQL statement:
select
     
     
    
    ID, TITLE, GMT_CREATE, GMT_MODIFIED, CREATOR, COMMENT_COUNT, VIEW_COUNT, LIKE_COUNT, 
    TAG
   
    from QUESTION [42102-199]
	at org.springframework.jdbc.support.SQLErrorCodeSQLExceptionTranslator.doTranslate(SQLErrorCodeSQLExceptionTranslator.java:234) ~[spring-jdbc-5.1.6.RELEASE.jar:5.1.6.RELEASE]
	at org.springframework.jdbc.support.AbstractFallbackSQLExceptionTranslator.translate(AbstractFallbackSQLExceptionTranslator.java:72) ~[spring-jdbc-5.1.6.RELEASE.jar:5.1.6.RELEASE]
	at org.mybatis.spring.MyBatisExceptionTranslator.translateExceptionIfPossible(MyBatisExceptionTranslator.java:73) ~[mybatis-spring-2.0.1.jar:2.0.1]
	at org.mybatis.spring.SqlSessionTemplate$SqlSessionInterceptor.invoke(SqlSessionTemplate.java:446) ~[mybatis-spring-2.0.1.jar:2.0.1]
	at com.sun.proxy.$Proxy62.selectList(Unknown Source) ~[na:na]
	at org.mybatis.spring.SqlSessionTemplate.selectList(SqlSessionTemplate.java:238) ~[mybatis-spring-2.0.1.jar:2.0.1]
	at org.apache.ibatis.binding.MapperMethod.executeForMany(MapperMethod.java:145) ~[mybatis-3.5.1.jar:3.5.1]
	at org.apache.ibatis.binding.MapperMethod.execute(MapperMethod.java:80) ~[mybatis-3.5.1.jar:3.5.1]
	at org.apache.ibatis.binding.MapperProxy.invoke(MapperProxy.java:58) ~[mybatis-3.5.1.jar:3.5.1]
	at com.sun.proxy.$Proxy70.selectByExampleWithRowbounds(Unknown Source) ~[na:na]
	at life.majiang.community.schedule.HotTagTasks.hotTagSchedule(HotTagTasks.java:38) ~[classes/:na]
	at sun.reflect.NativeMethodAccessorImpl.invoke0(Native Method) ~[na:1.8.0_131]
	at sun.reflect.NativeMethodAccessorImpl.invoke(NativeMethodAccessorImpl.java:62) ~[na:1.8.0_131]
	at sun.reflect.DelegatingMethodAccessorImpl.invoke(DelegatingMethodAccessorImpl.java:43) ~[na:1.8.0_131]
	at java.lang.reflect.Method.invoke(Method.java:498) ~[na:1.8.0_131]
	at org.springframework.scheduling.support.ScheduledMethodRunnable.run(ScheduledMethodRunnable.java:84) ~[spring-context-5.1.6.RELEASE.jar:5.1.6.RELEASE]
	at org.springframework.scheduling.support.DelegatingErrorHandlingRunnable.run(DelegatingErrorHandlingRunnable.java:54) ~[spring-context-5.1.6.RELEASE.jar:5.1.6.RELEASE]
	at java.util.concurrent.Executors$RunnableAdapter.call(Executors.java:511) [na:1.8.0_131]
	at java.util.concurrent.FutureTask.runAndReset(FutureTask.java:308) [na:1.8.0_131]
	at java.util.concurrent.ScheduledThreadPoolExecutor$ScheduledFutureTask.access$301(ScheduledThreadPoolExecutor.java:180) [na:1.8.0_131]
	at java.util.concurrent.ScheduledThreadPoolExecutor$ScheduledFutureTask.run(ScheduledThreadPoolExecutor.java:294) [na:1.8.0_131]
	at java.util.concurrent.ThreadPoolExecutor.runWorker(ThreadPoolExecutor.java:1142) [na:1.8.0_131]
	at java.util.concurrent.ThreadPoolExecutor$Worker.run(ThreadPoolExecutor.java:617) [na:1.8.0_131]
	at java.lang.Thread.run(Thread.java:748) [na:1.8.0_131]
Caused by: org.h2.jdbc.JdbcSQLSyntaxErrorException: Table "QUESTION" not found; SQL statement:
select
     
     
    
    ID, TITLE, GMT_CREATE, GMT_MODIFIED, CREATOR, COMMENT_COUNT, VIEW_COUNT, LIKE_COUNT, 
    TAG
   
    from QUESTION [42102-199]
	at org.h2.message.DbException.getJdbcSQLException(DbException.java:451) ~[h2-1.4.199.jar:1.4.199]
	at org.h2.message.DbException.getJdbcSQLException(DbException.java:427) ~[h2-1.4.199.jar:1.4.199]
	at org.h2.message.DbException.get(DbException.java:205) ~[h2-1.4.199.jar:1.4.199]
	at org.h2.message.DbException.get(DbException.java:181) ~[h2-1.4.199.jar:1.4.199]
	at org.h2.command.Parser.readTableOrView(Parser.java:7146) ~[h2-1.4.199.jar:1.4.199]
	at org.h2.command.Parser.readTableFilter(Parser.java:1895) ~[h2-1.4.199.jar:1.4.199]
	at org.h2.command.Parser.parseSelectSimpleFromPart(Parser.java:2641) ~[h2-1.4.199.jar:1.4.199]
	at org.h2.command.Parser.parseSelectSimple(Parser.java:2788) ~[h2-1.4.199.jar:1.4.199]
	at org.h2.command.Parser.parseSelectSub(Parser.java:2636) ~[h2-1.4.199.jar:1.4.199]
	at org.h2.command.Parser.parseSelectUnion(Parser.java:2469) ~[h2-1.4.199.jar:1.4.199]
	at org.h2.command.Parser.parseSelect(Parser.java:2440) ~[h2-1.4.199.jar:1.4.199]
	at org.h2.command.Parser.parsePrepared(Parser.java:814) ~[h2-1.4.199.jar:1.4.199]
	at org.h2.command.Parser.parse(Parser.java:788) ~[h2-1.4.199.jar:1.4.199]
	at org.h2.command.Parser.parse(Parser.java:760) ~[h2-1.4.199.jar:1.4.199]
	at org.h2.command.Parser.prepareCommand(Parser.java:683) ~[h2-1.4.199.jar:1.4.199]
	at org.h2.engine.Session.prepareLocal(Session.java:627) ~[h2-1.4.199.jar:1.4.199]
	at org.h2.engine.Session.prepareCommand(Session.java:565) ~[h2-1.4.199.jar:1.4.199]
	at org.h2.jdbc.JdbcConnection.prepareCommand(JdbcConnection.java:1292) ~[h2-1.4.199.jar:1.4.199]
	at org.h2.jdbc.JdbcPreparedStatement.<init>(JdbcPreparedStatement.java:77) ~[h2-1.4.199.jar:1.4.199]
	at org.h2.jdbc.JdbcConnection.prepareStatement(JdbcConnection.java:349) ~[h2-1.4.199.jar:1.4.199]
	at com.zaxxer.hikari.pool.ProxyConnection.prepareStatement(ProxyConnection.java:311) ~[HikariCP-3.2.0.jar:na]
	at com.zaxxer.hikari.pool.HikariProxyConnection.prepareStatement(HikariProxyConnection.java) ~[HikariCP-3.2.0.jar:na]
	at org.apache.ibatis.executor.statement.PreparedStatementHandler.instantiateStatement(PreparedStatementHandler.java:86) ~[mybatis-3.5.1.jar:3.5.1]
	at org.apache.ibatis.executor.statement.BaseStatementHandler.prepare(BaseStatementHandler.java:88) ~[mybatis-3.5.1.jar:3.5.1]
	at org.apache.ibatis.executor.statement.RoutingStatementHandler.prepare(RoutingStatementHandler.java:59) ~[mybatis-3.5.1.jar:3.5.1]
	at org.apache.ibatis.executor.SimpleExecutor.prepareStatement(SimpleExecutor.java:86) ~[mybatis-3.5.1.jar:3.5.1]
	at org.apache.ibatis.executor.SimpleExecutor.doQuery(SimpleExecutor.java:62) ~[mybatis-3.5.1.jar:3.5.1]
	at org.apache.ibatis.executor.BaseExecutor.queryFromDatabase(BaseExecutor.java:324) ~[mybatis-3.5.1.jar:3.5.1]
	at org.apache.ibatis.executor.BaseExecutor.query(BaseExecutor.java:156) ~[mybatis-3.5.1.jar:3.5.1]
	at org.apache.ibatis.executor.CachingExecutor.query(CachingExecutor.java:109) ~[mybatis-3.5.1.jar:3.5.1]
	at org.apache.ibatis.executor.CachingExecutor.query(CachingExecutor.java:83) ~[mybatis-3.5.1.jar:3.5.1]
	at org.apache.ibatis.session.defaults.DefaultSqlSession.selectList(DefaultSqlSession.java:147) ~[mybatis-3.5.1.jar:3.5.1]
	at sun.reflect.NativeMethodAccessorImpl.invoke0(Native Method) ~[na:1.8.0_131]
	at sun.reflect.NativeMethodAccessorImpl.invoke(NativeMethodAccessorImpl.java:62) ~[na:1.8.0_131]
	at sun.reflect.DelegatingMethodAccessorImpl.invoke(DelegatingMethodAccessorImpl.java:43) ~[na:1.8.0_131]
	at java.lang.reflect.Method.invoke(Method.java:498) ~[na:1.8.0_131]
	at org.mybatis.spring.SqlSessionTemplate$SqlSessionInterceptor.invoke(SqlSessionTemplate.java:433) ~[mybatis-spring-2.0.1.jar:2.0.1]
	... 20 common frames omitted

